Flow report for nand4_gate
Sun Mar 22 19:46:56 2020
Quartus Prime Version 16.1.0 Build 196 10/24/2016 SJ Lite Edition


---------------------
; Table of Contents ;
---------------------
  1. Legal Notice
  2. Flow Summary
  3. Flow Settings
  4. Flow Non-Default Global Settings
  5. Flow Elapsed Time
  6. Flow OS Summary
  7. Flow Log
  8. Flow Messages
  9. Flow Suppressed Messages



----------------
; Legal Notice ;
----------------
Copyright (C) 2016  Intel Corporation. All rights reserved.
Your use of Intel Corporation's design tools, logic functions 
and other software and tools, and its AMPP partner logic 
functions, and any output files from any of the foregoing 
(including device programming or simulation files), and any 
associated documentation or information are expressly subject 
to the terms and conditions of the Intel Program License 
Subscription Agreement, the Intel Quartus Prime License Agreement,
the Intel MegaCore Function License Agreement, or other 
applicable license agreement, including, without limitation, 
that your use is for the sole purpose of programming logic 
devices manufactured by Intel and sold by Intel or its 
authorized distributors.  Please refer to the applicable 
agreement for further details.



+---------------------------------------------------------------------+
; Flow Summary                                                        ;
+-----------------------+---------------------------------------------+
; Flow Status           ; Successful - Sun Mar 22 19:46:53 2020       ;
; Quartus Prime Version ; 16.1.0 Build 196 10/24/2016 SJ Lite Edition ;
; Revision Name         ; nand4_gate                                  ;
; Top-level Entity Name ; xor4_gate                                   ;
; Family                ; MAX V                                       ;
; Total logic elements  ; 1 / 40 ( 3 % )                              ;
; Total pins            ; 5 / 30 ( 17 % )                             ;
; Total virtual pins    ; 0                                           ;
; UFM blocks            ; 0 / 1 ( 0 % )                               ;
; Device                ; 5M40ZM64C4                                  ;
; Timing Models         ; Final                                       ;
+-----------------------+---------------------------------------------+


+-----------------------------------------+
; Flow Settings                           ;
+-------------------+---------------------+
; Option            ; Setting             ;
+-------------------+---------------------+
; Start date & time ; 03/22/2020 19:46:28 ;
; Main task         ; Compilation         ;
; Revision Name     ; nand4_gate          ;
+-------------------+---------------------+


+-----------------------------------------------------------------------------------------------------+
; Flow Non-Default Global Settings                                                                    ;
+--------------------------+-------------------------------+---------------+-------------+------------+
; Assignment Name          ; Value                         ; Default Value ; Entity Name ; Section Id ;
+--------------------------+-------------------------------+---------------+-------------+------------+
; COMPILER_SIGNATURE_ID    ; 1098527621849.158492438812900 ; --            ; --          ; --         ;
; PROJECT_OUTPUT_DIRECTORY ; output_files                  ; --            ; --          ; --         ;
; TOP_LEVEL_ENTITY         ; xor4_gate                     ; nand4_gate    ; --          ; --         ;
+--------------------------+-------------------------------+---------------+-------------+------------+


+-------------------------------------------------------------------------------------------------------------------------------+
; Flow Elapsed Time                                                                                                             ;
+---------------------------+--------------+-------------------------+---------------------+------------------------------------+
; Module Name               ; Elapsed Time ; Average Processors Used ; Peak Virtual Memory ; Total CPU Time (on all processors) ;
+---------------------------+--------------+-------------------------+---------------------+------------------------------------+
; Analysis & Synthesis      ; 00:00:19     ; 1.0                     ; 4765 MB             ; 00:00:45                           ;
; Fitter                    ; 00:00:02     ; 1.0                     ; 5324 MB             ; 00:00:03                           ;
; Assembler                 ; 00:00:01     ; 1.0                     ; 4652 MB             ; 00:00:01                           ;
; TimeQuest Timing Analyzer ; 00:00:02     ; 1.0                     ; 4673 MB             ; 00:00:02                           ;
; Total                     ; 00:00:24     ; --                      ; --                  ; 00:00:51                           ;
+---------------------------+--------------+-------------------------+---------------------+------------------------------------+


+-----------------------------------------------------------------------------------------+
; Flow OS Summary                                                                         ;
+---------------------------+------------------+------------+------------+----------------+
; Module Name               ; Machine Hostname ; OS Name    ; OS Version ; Processor type ;
+---------------------------+------------------+------------+------------+----------------+
; Analysis & Synthesis      ; DESKTOP-4GSSDL0  ; Windows 10 ; 10.0       ; x86_64         ;
; Fitter                    ; DESKTOP-4GSSDL0  ; Windows 10 ; 10.0       ; x86_64         ;
; Assembler                 ; DESKTOP-4GSSDL0  ; Windows 10 ; 10.0       ; x86_64         ;
; TimeQuest Timing Analyzer ; DESKTOP-4GSSDL0  ; Windows 10 ; 10.0       ; x86_64         ;
+---------------------------+------------------+------------+------------+----------------+


------------
; Flow Log ;
------------
quartus_map --read_settings_files=on --write_settings_files=off quartus_test_project_1 -c nand4_gate
quartus_fit --read_settings_files=off --write_settings_files=off quartus_test_project_1 -c nand4_gate
quartus_asm --read_settings_files=off --write_settings_files=off quartus_test_project_1 -c nand4_gate
quartus_sta quartus_test_project_1 -c nand4_gate



